<?xml version="1.0" encoding="utf-8"?><testsuites name="pytest tests"><testsuite name="pytest" errors="0" failures="0" skipped="0" tests="20" time="8.056" timestamp="2026-03-24T21:41:20.614981+00:00" hostname="agent-env-babcd8c6-fd18-4062-b250-d88bbdc5434e"><testcase classname="backend.tests.test_amazon_dispatch_features.TestAmazonUploadPDFNoCourer" name="test_self_ship_upload_no_courier_required" time="0.569" /><testcase classname="backend.tests.test_amazon_dispatch_features.TestBulkDispatch" name="test_bulk_dispatch_endpoint_exists" time="0.425" /><testcase classname="backend.tests.test_amazon_dispatch_features.TestBulkDispatch" name="test_bulk_dispatch_with_valid_orders" time="0.295" /><testcase classname="backend.tests.test_amazon_dispatch_features.TestBulkDispatch" name="test_bulk_dispatch_accessible_by_packaging" time="0.390" /><testcase classname="backend.tests.test_amazon_dispatch_features.TestBulkDispatch" name="test_bulk_dispatch_accessible_by_dispatch" time="0.391" /><testcase classname="backend.tests.test_amazon_dispatch_features.TestCourierUpdate" name="test_courier_update_endpoint_exists" time="0.494" /><testcase classname="backend.tests.test_amazon_dispatch_features.TestCourierUpdate" name="test_courier_update_changes_value" time="0.246" /><testcase classname="backend.tests.test_amazon_dispatch_features.TestCourierUpdate" name="test_courier_update_accessible_by_packaging" time="0.368" /><testcase classname="backend.tests.test_amazon_dispatch_features.TestCourierUpdate" name="test_courier_update_accessible_by_dispatch" time="0.396" /><testcase classname="backend.tests.test_amazon_dispatch_features.TestSelfShipDispatchRequiresLR" name="test_self_ship_dispatch_without_lr_fails" time="0.470" /><testcase classname="backend.tests.test_amazon_dispatch_features.TestSelfShipDispatchRequiresLR" name="test_self_ship_dispatch_with_lr_succeeds" time="0.204" /><testcase classname="backend.tests.test_amazon_dispatch_features.TestDeleteAmazonOrder" name="test_delete_dispatched_order_fails" time="0.480" /><testcase classname="backend.tests.test_amazon_dispatch_features.TestDeleteAmazonOrder" name="test_delete_requires_admin" time="0.504" /><testcase classname="backend.tests.test_amazon_dispatch_features.TestMarkPackedAccessControl" name="test_mark_packed_accessible_by_packaging" time="0.886" /><testcase classname="backend.tests.test_amazon_dispatch_features.TestMarkPackedAccessControl" name="test_mark_packed_accessible_by_dispatch" time="0.563" /><testcase classname="backend.tests.test_amazon_dispatch_features.TestDispatchRoleAccessControl" name="test_dispatch_can_list_amazon_orders" time="0.398" /><testcase classname="backend.tests.test_amazon_dispatch_features.TestDispatchRoleAccessControl" name="test_dispatch_can_view_order_detail" time="0.151" /><testcase classname="backend.tests.test_amazon_dispatch_features.TestDispatchRoleAccessControl" name="test_dispatch_can_dispatch_order" time="0.166" /><testcase classname="backend.tests.test_amazon_dispatch_features.TestPackagingRoleAccessControl" name="test_packaging_can_list_amazon_orders" time="0.397" /><testcase classname="backend.tests.test_amazon_dispatch_features.TestPackagingRoleAccessControl" name="test_packaging_can_view_order_detail" time="0.191" /></testsuite></testsuites>