<?xml version="1.0" encoding="utf-8"?><testsuites name="pytest tests"><testsuite name="pytest" errors="0" failures="0" skipped="0" tests="13" time="1.455" timestamp="2026-04-03T18:59:16.889244+00:00" hostname="agent-env-94c4545b-ea13-4223-b0dd-f4fe268d4678"><testcase classname="backend.tests.test_dtdc_calculator.TestDTDCCheckPincode" name="test_check_serviceable_pincode" time="0.230" /><testcase classname="backend.tests.test_dtdc_calculator.TestDTDCCheckPincode" name="test_check_non_serviceable_pincode" time="0.099" /><testcase classname="backend.tests.test_dtdc_calculator.TestDTDCCalculate" name="test_calculate_serviceable_pincode_basic" time="0.115" /><testcase classname="backend.tests.test_dtdc_calculator.TestDTDCCalculate" name="test_calculate_non_serviceable_pincode" time="0.077" /><testcase classname="backend.tests.test_dtdc_calculator.TestDTDCCalculate" name="test_calculate_weight_conversion" time="0.098" /><testcase classname="backend.tests.test_dtdc_calculator.TestDTDCCalculate" name="test_calculate_ground_express_ceiling_logic" time="0.104" /><testcase classname="backend.tests.test_dtdc_calculator.TestDTDCCalculate" name="test_calculate_standard_ceiling_logic" time="0.091" /><testcase classname="backend.tests.test_dtdc_calculator.TestDTDCCalculate" name="test_calculate_final_charge_rounded_up" time="0.096" /><testcase classname="backend.tests.test_dtdc_calculator.TestDTDCCalculate" name="test_calculate_lighter_weight_picks_standard" time="0.099" /><testcase classname="backend.tests.test_dtdc_calculator.TestDTDCCalculate" name="test_calculate_heavier_weight_picks_ground" time="0.117" /><testcase classname="backend.tests.test_dtdc_calculator.TestDTDCCalculate" name="test_calculate_exact_3kg_uses_base_rate" time="0.092" /><testcase classname="backend.tests.test_dtdc_calculator.TestDTDCCalculate" name="test_calculate_exact_500g_uses_base_rate" time="0.073" /><testcase classname="backend.tests.test_dtdc_calculator.TestDTDCDifferentCategories" name="test_calculate_within_city_category" time="0.100" /></testsuite></testsuites>