<?xml version="1.0" encoding="utf-8"?><testsuites name="pytest tests"><testsuite name="pytest" errors="0" failures="0" skipped="0" tests="11" time="6.356" timestamp="2026-03-24T18:15:56.846812+00:00" hostname="agent-env-babcd8c6-fd18-4062-b250-d88bbdc5434e"><testcase classname="backend.tests.test_phase11_notifications.TestNotificationEndpoints" name="test_get_notifications_unauthenticated" time="0.185" /><testcase classname="backend.tests.test_phase11_notifications.TestNotificationEndpoints" name="test_get_notifications_telecaller" time="0.384" /><testcase classname="backend.tests.test_phase11_notifications.TestNotificationEndpoints" name="test_create_notification_missing_fields" time="0.089" /><testcase classname="backend.tests.test_phase11_notifications.TestNotificationEndpoints" name="test_create_notification_success" time="0.108" /><testcase classname="backend.tests.test_phase11_notifications.TestNotificationEndpoints" name="test_create_notification_idempotent" time="0.180" /><testcase classname="backend.tests.test_phase11_notifications.TestNotificationEndpoints" name="test_acknowledge_notification" time="0.282" /><testcase classname="backend.tests.test_phase11_notifications.TestNotificationEndpoints" name="test_acknowledge_nonexistent_notification" time="0.098" /><testcase classname="backend.tests.test_phase11_notifications.TestNotificationEndpoints" name="test_my_notifications_endpoint" time="0.111" /><testcase classname="backend.tests.test_phase11_notifications.TestNotificationEndpoints" name="test_my_notifications_admin_returns_empty" time="0.418" /><testcase classname="backend.tests.test_phase11_notifications.TestSharePackedBoxImages" name="test_order_has_packed_box_images_field" time="4.054" /><testcase classname="backend.tests.test_phase11_notifications.TestExistingNotification" name="test_existing_notification_cs_test_001" time="0.396" /></testsuite></testsuites>