<?xml version="1.0" encoding="utf-8"?><testsuites name="pytest tests"><testsuite name="pytest" errors="0" failures="0" skipped="0" tests="11" time="2.456" timestamp="2026-03-25T13:10:28.672466+00:00" hostname="agent-env-c19788c1-0926-4a8a-8b4a-b91fe4821289"><testcase classname="backend.tests.test_phase15_features.TestExtraShippingDetails" name="test_create_order_with_extra_shipping_details" time="1.183" /><testcase classname="backend.tests.test_phase15_features.TestExtraShippingDetails" name="test_update_order_extra_shipping_details" time="0.191" /><testcase classname="backend.tests.test_phase15_features.TestFreeSampleFormulation" name="test_create_order_with_free_samples" time="0.096" /><testcase classname="backend.tests.test_phase15_features.TestFreeSampleFormulation" name="test_update_free_sample_formulation" time="0.177" /><testcase classname="backend.tests.test_phase15_features.TestOrderGSTFields" name="test_gst_applicable_order" time="0.098" /><testcase classname="backend.tests.test_phase15_features.TestOrderGSTFields" name="test_non_gst_order" time="0.104" /><testcase classname="backend.tests.test_phase15_features.TestCustomerGSTNumber" name="test_customer_gst_field_exists" time="0.075" /><testcase classname="backend.tests.test_phase15_features.TestCustomerGSTNumber" name="test_update_customer_gst" time="0.088" /><testcase classname="backend.tests.test_phase15_features.TestOrderListFields" name="test_orders_list_has_gst_applicable" time="0.078" /><testcase classname="backend.tests.test_phase15_features.TestOrderListFields" name="test_orders_list_has_tax_invoice_url" time="0.137" /><testcase classname="backend.tests.test_phase15_features.TestInvoiceUpload" name="test_invoice_upload_requires_gst_order" time="0.160" /></testsuite></testsuites>