<?xml version="1.0" encoding="utf-8"?><testsuites name="pytest tests"><testsuite name="pytest" errors="0" failures="0" skipped="0" tests="21" time="10.034" timestamp="2026-03-25T16:50:22.356672+00:00" hostname="agent-env-c19788c1-0926-4a8a-8b4a-b91fe4821289"><testcase classname="backend.tests.test_phase16_features.TestAuth" name="test_admin_login" time="0.450" /><testcase classname="backend.tests.test_phase16_features.TestAuth" name="test_packaging_login" time="0.411" /><testcase classname="backend.tests.test_phase16_features.TestAuth" name="test_dispatch_login" time="0.312" /><testcase classname="backend.tests.test_phase16_features.TestAdminAnalytics" name="test_admin_analytics_today" time="0.514" /><testcase classname="backend.tests.test_phase16_features.TestAdminAnalytics" name="test_admin_analytics_yesterday" time="0.441" /><testcase classname="backend.tests.test_phase16_features.TestAdminAnalytics" name="test_admin_analytics_week" time="0.399" /><testcase classname="backend.tests.test_phase16_features.TestAdminAnalytics" name="test_admin_analytics_month" time="0.662" /><testcase classname="backend.tests.test_phase16_features.TestAdminAnalytics" name="test_admin_analytics_with_exclusions" time="0.410" /><testcase classname="backend.tests.test_phase16_features.TestCustomerAlias" name="test_create_customer_with_alias" time="0.407" /><testcase classname="backend.tests.test_phase16_features.TestCustomerAlias" name="test_search_customer_by_alias" time="0.479" /><testcase classname="backend.tests.test_phase16_features.TestCustomerAlias" name="test_update_customer_alias" time="0.473" /><testcase classname="backend.tests.test_phase16_features.TestMarkPackedUndoPacked" name="test_mark_packed_as_admin" time="0.590" /><testcase classname="backend.tests.test_phase16_features.TestMarkPackedUndoPacked" name="test_mark_packed_as_packaging" time="0.563" /><testcase classname="backend.tests.test_phase16_features.TestMarkPackedUndoPacked" name="test_mark_packed_forbidden_for_dispatch" time="0.483" /><testcase classname="backend.tests.test_phase16_features.TestMarkPackedUndoPacked" name="test_undo_packed_as_admin" time="0.528" /><testcase classname="backend.tests.test_phase16_features.TestMarkPackedUndoPacked" name="test_undo_packed_only_on_packed_orders" time="0.506" /><testcase classname="backend.tests.test_phase16_features.TestTelecallerSales" name="test_telecaller_sales_today" time="0.367" /><testcase classname="backend.tests.test_phase16_features.TestTelecallerSales" name="test_telecaller_sales_week" time="0.396" /><testcase classname="backend.tests.test_phase16_features.TestTelecallerSales" name="test_telecaller_sales_month" time="0.398" /><testcase classname="backend.tests.test_phase16_features.TestDispatchAccess" name="test_packaging_can_update_dispatch_fields" time="0.502" /><testcase classname="backend.tests.test_phase16_features.TestCleanup" name="test_cleanup_test_customers" time="0.660" /></testsuite></testsuites>