<?xml version="1.0" encoding="utf-8"?><testsuites name="pytest tests"><testsuite name="pytest" errors="0" failures="0" skipped="0" tests="13" time="2.950" timestamp="2026-04-22T08:42:04.025590+00:00" hostname="agent-env-94c4545b-ea13-4223-b0dd-f4fe268d4678"><testcase classname="backend.tests.test_pi_terms_conditions.TestPITermsAndConditions" name="test_create_pi_without_terms" time="0.739" /><testcase classname="backend.tests.test_pi_terms_conditions.TestPITermsAndConditions" name="test_create_pi_with_custom_terms" time="0.044" /><testcase classname="backend.tests.test_pi_terms_conditions.TestPITermsAndConditions" name="test_get_pi_returns_terms" time="0.107" /><testcase classname="backend.tests.test_pi_terms_conditions.TestPITermsAndConditions" name="test_update_pi_terms" time="0.159" /><testcase classname="backend.tests.test_pi_terms_conditions.TestPITermsAndConditions" name="test_create_gst_pi_with_terms" time="0.054" /><testcase classname="backend.tests.test_pi_terms_conditions.TestPITermsAndConditions" name="test_pdf_generation_with_default_terms" time="0.174" /><testcase classname="backend.tests.test_pi_terms_conditions.TestPITermsAndConditions" name="test_pdf_generation_with_custom_terms" time="0.192" /><testcase classname="backend.tests.test_pi_terms_conditions.TestPITermsAndConditions" name="test_gst_pdf_generation_with_terms" time="0.218" /><testcase classname="backend.tests.test_pi_terms_conditions.TestPITermsAndConditions" name="test_existing_pi_non_gst" time="0.165" /><testcase classname="backend.tests.test_pi_terms_conditions.TestPITermsAndConditions" name="test_existing_pi_gst" time="0.215" /><testcase classname="backend.tests.test_pi_terms_conditions.TestPITermsAndConditions" name="test_empty_terms_uses_defaults" time="0.048" /><testcase classname="backend.tests.test_pi_terms_conditions.TestPITermsAndConditions" name="test_reset_terms_to_empty" time="0.142" /><testcase classname="backend.tests.test_pi_terms_conditions.TestCleanup" name="test_cleanup_test_pis" time="0.612" /></testsuite></testsuites>