<?xml version="1.0" encoding="utf-8"?><testsuites name="pytest tests"><testsuite name="pytest" errors="0" failures="0" skipped="0" tests="22" time="33.570" timestamp="2026-03-22T09:13:36.627305+00:00" hostname="agent-env-a6367e00-9fcb-421f-a88a-323516501db0"><testcase classname="backend.tests.test_phase7_part3.TestAuth" name="test_admin_login" time="0.830" /><testcase classname="backend.tests.test_phase7_part3.TestAuth" name="test_accounts_login" time="0.622" /><testcase classname="backend.tests.test_phase7_part3.TestAuth" name="test_field_manager_login" time="0.751" /><testcase classname="backend.tests.test_phase7_part3.TestUserManagement" name="test_create_field_manager_role" time="1.688" /><testcase classname="backend.tests.test_phase7_part3.TestUserManagement" name="test_create_accounts_role" time="1.706" /><testcase classname="backend.tests.test_phase7_part3.TestUserManagement" name="test_invalid_role_rejected" time="1.077" /><testcase classname="backend.tests.test_phase7_part3.TestPaymentCheckAccess" name="test_admin_cannot_update_payment_check" time="1.506" /><testcase classname="backend.tests.test_phase7_part3.TestPaymentCheckAccess" name="test_accounts_can_update_payment_check" time="2.120" /><testcase classname="backend.tests.test_phase7_part3.TestPaymentCheckAccess" name="test_field_manager_cannot_update_payment_check" time="2.095" /><testcase classname="backend.tests.test_phase7_part3.TestPaymentSalesReport" name="test_admin_can_access_payment_sales" time="1.015" /><testcase classname="backend.tests.test_phase7_part3.TestPaymentSalesReport" name="test_field_manager_cannot_access_payment_sales" time="1.065" /><testcase classname="backend.tests.test_phase7_part3.TestPaymentSalesReport" name="test_payment_sales_with_period_filters" time="2.687" /><testcase classname="backend.tests.test_phase7_part3.TestPaymentSalesReport" name="test_payment_sales_with_exclude_flags" time="1.017" /><testcase classname="backend.tests.test_phase7_part3.TestAccountsDashboard" name="test_accounts_can_access_dashboard" time="1.053" /><testcase classname="backend.tests.test_phase7_part3.TestAccountsDashboard" name="test_admin_can_access_accounts_dashboard" time="1.030" /><testcase classname="backend.tests.test_phase7_part3.TestAccountsDashboard" name="test_field_manager_cannot_access_accounts_dashboard" time="1.057" /><testcase classname="backend.tests.test_phase7_part3.TestFieldManagerOrderAccess" name="test_field_manager_sees_own_orders_only" time="2.122" /><testcase classname="backend.tests.test_phase7_part3.TestFieldManagerOrderAccess" name="test_field_manager_view_all_still_shows_own" time="1.453" /><testcase classname="backend.tests.test_phase7_part3.TestPaymentRecheckLogic" name="test_recheck_logic_on_payment_update" time="3.335" /><testcase classname="backend.tests.test_phase7_part3.TestInvoiceEndpoints" name="test_accounts_can_set_invoice" time="2.069" /><testcase classname="backend.tests.test_phase7_part3.TestInvoiceEndpoints" name="test_accounts_can_delete_invoice" time="2.140" /><testcase classname="backend.tests.test_phase7_part3.TestTelecallerSalesReport" name="test_telecaller_sales_endpoint" time="1.049" /></testsuite></testsuites>