<?xml version="1.0" encoding="utf-8"?><testsuites name="pytest tests"><testsuite name="pytest" errors="0" failures="0" skipped="0" tests="19" time="6.844" timestamp="2026-03-24T21:05:48.692789+00:00" hostname="agent-env-babcd8c6-fd18-4062-b250-d88bbdc5434e"><testcase classname="backend.tests.test_amazon_module.TestAmazonAuth" name="test_telecaller_cannot_access_amazon_orders" time="0.683" /><testcase classname="backend.tests.test_amazon_module.TestAmazonAuth" name="test_admin_can_access_amazon_orders" time="0.511" /><testcase classname="backend.tests.test_amazon_module.TestAmazonAuth" name="test_packaging_can_access_amazon_orders" time="0.420" /><testcase classname="backend.tests.test_amazon_module.TestAmazonOrdersList" name="test_list_amazon_orders_returns_array" time="0.381" /><testcase classname="backend.tests.test_amazon_module.TestAmazonOrdersList" name="test_orders_have_am_numbering" time="0.084" /><testcase classname="backend.tests.test_amazon_module.TestAmazonOrderDetail" name="test_get_single_order" time="0.508" /><testcase classname="backend.tests.test_amazon_module.TestAmazonOrderDetail" name="test_get_nonexistent_order" time="0.080" /><testcase classname="backend.tests.test_amazon_module.TestAmazonPackaging" name="test_update_packaging_data" time="0.586" /><testcase classname="backend.tests.test_amazon_module.TestAmazonPackaging" name="test_packaging_changes_status_to_packaging" time="0.082" /><testcase classname="backend.tests.test_amazon_module.TestAmazonMarkPacked" name="test_mark_packed" time="0.559" /><testcase classname="backend.tests.test_amazon_module.TestAmazonDispatch" name="test_dispatch_order" time="0.638" /><testcase classname="backend.tests.test_amazon_module.TestAmazonDeleteImages" name="test_delete_image_endpoint_exists" time="0.390" /><testcase classname="backend.tests.test_amazon_module.TestAmazonUploadPDF" name="test_upload_requires_admin" time="0.431" /><testcase classname="backend.tests.test_amazon_module.TestAmazonUploadPDF" name="test_upload_validates_ship_type" time="0.390" /><testcase classname="backend.tests.test_amazon_module.TestAmazonUploadPDF" name="test_self_ship_requires_courier" time="0.099" /><testcase classname="backend.tests.test_amazon_module.TestAmazonOrdersExisting" name="test_existing_orders_have_correct_structure" time="0.380" /><testcase classname="backend.tests.test_amazon_module.TestAmazonOrdersExisting" name="test_orders_have_ship_type" time="0.097" /><testcase classname="backend.tests.test_amazon_module.TestAmazonOrdersExisting" name="test_orders_have_amazon_order_id" time="0.068" /><testcase classname="backend.tests.test_amazon_module.TestAmazonStatusFlow" name="test_valid_statuses" time="0.378" /></testsuite></testsuites>