<?xml version="1.0" encoding="utf-8"?><testsuites name="pytest tests"><testsuite name="pytest" errors="0" failures="0" skipped="2" tests="11" time="9.059" timestamp="2026-03-24T22:40:11.627954+00:00" hostname="agent-env-c19788c1-0926-4a8a-8b4a-b91fe4821289"><testcase classname="backend.tests.test_invoice_upload.TestInvoiceUploadEndpoint" name="test_upload_tax_invoice_only" time="1.843" /><testcase classname="backend.tests.test_invoice_upload.TestInvoiceUploadEndpoint" name="test_upload_tax_invoice_with_eway_bill" time="0.830" /><testcase classname="backend.tests.test_invoice_upload.TestInvoiceUploadEndpoint" name="test_upload_without_tax_invoice_fails" time="0.435" /><testcase classname="backend.tests.test_invoice_upload.TestInvoiceUploadEndpoint" name="test_upload_empty_tax_invoice_fails" time="0.408" /><testcase classname="backend.tests.test_invoice_upload.TestInvoiceUploadEndpoint" name="test_upload_to_non_gst_order_fails" time="0.821" /><testcase classname="backend.tests.test_invoice_upload.TestInvoiceUploadEndpoint" name="test_upload_to_nonexistent_order_fails" time="0.442" /><testcase classname="backend.tests.test_invoice_upload.TestInvoiceDelete" name="test_delete_invoice" time="1.275" /><testcase classname="backend.tests.test_invoice_upload.TestInvoiceViewAccess" name="test_view_invoice_after_upload" time="0.840" /><testcase classname="backend.tests.test_invoice_upload.TestInvoiceFilter" name="test_filter_gst_orders" time="0.419" /><testcase classname="backend.tests.test_invoice_upload.TestRoleBasedAccess" name="test_accounts_user_can_upload" time="0.812"><skipped type="pytest.skip" message="Cannot login as accounts user">/app/backend/tests/test_invoice_upload.py:360: Cannot login as accounts user</skipped></testcase><testcase classname="backend.tests.test_invoice_upload.TestRoleBasedAccess" name="test_telecaller_cannot_upload" time="0.841"><skipped type="pytest.skip" message="Cannot login as telecaller">/app/backend/tests/test_invoice_upload.py:413: Cannot login as telecaller</skipped></testcase></testsuite></testsuites>