<?xml version="1.0" encoding="utf-8"?><testsuites name="pytest tests"><testsuite name="pytest" errors="0" failures="0" skipped="0" tests="20" time="7.057" timestamp="2026-03-21T11:53:51.951200+00:00" hostname="agent-env-db91defb-79e4-4857-900d-d6ecb1a75112"><testcase classname="backend.tests.test_phase6.TestAuth" name="test_admin_login" time="0.505" /><testcase classname="backend.tests.test_phase6.TestAdminDashboardReports" name="test_my_report_month_period" time="0.616" /><testcase classname="backend.tests.test_phase6.TestAdminDashboardReports" name="test_my_report_week_period" time="0.094" /><testcase classname="backend.tests.test_phase6.TestAdminDashboardReports" name="test_my_report_today_period" time="0.112" /><testcase classname="backend.tests.test_phase6.TestAdminDashboardReports" name="test_my_report_custom_date_range" time="0.084" /><testcase classname="backend.tests.test_phase6.TestAdminDashboardReports" name="test_my_report_exclude_gst" time="0.087" /><testcase classname="backend.tests.test_phase6.TestAdminDashboardReports" name="test_executive_report_with_telecaller_id" time="0.212" /><testcase classname="backend.tests.test_phase6.TestAdminDashboardReports" name="test_admin_analytics_period_filters" time="0.277" /><testcase classname="backend.tests.test_phase6.TestOrderDetailFix" name="test_get_orders_list" time="0.402" /><testcase classname="backend.tests.test_phase6.TestOrderDetailFix" name="test_get_order_by_id" time="0.162" /><testcase classname="backend.tests.test_phase6.TestOrderDetailFix" name="test_order_has_payment_screenshots_field" time="0.167" /><testcase classname="backend.tests.test_phase6.TestOrderDetailFix" name="test_order_has_packaging_images_field" time="0.162" /><testcase classname="backend.tests.test_phase6.TestFreeSamplesOrder" name="test_create_order_with_free_samples" time="0.607" /><testcase classname="backend.tests.test_phase6.TestFreeSamplesPI" name="test_create_pi_with_free_samples" time="0.570" /><testcase classname="backend.tests.test_phase6.TestCustomerAddressManagement" name="test_create_customer_then_add_address" time="0.679" /><testcase classname="backend.tests.test_phase6.TestFormulationAccessControl" name="test_admin_can_see_formulation" time="0.429" /><testcase classname="backend.tests.test_phase6.TestFormulationAccessControl" name="test_admin_can_update_formulation" time="0.158" /><testcase classname="backend.tests.test_phase6.TestDispatchLock" name="test_dispatched_order_blocks_general_edit" time="0.585" /><testcase classname="backend.tests.test_phase6.TestAllOrdersFilter" name="test_admin_can_filter_by_executive" time="0.471" /><testcase classname="backend.tests.test_phase6.TestAllOrdersFilter" name="test_admin_can_view_all_orders" time="0.585" /></testsuite></testsuites>