<?xml version="1.0" encoding="utf-8"?><testsuites name="pytest tests"><testsuite name="pytest" errors="0" failures="0" skipped="0" tests="14" time="6.786" timestamp="2026-04-16T12:49:25.419245+00:00" hostname="agent-env-94c4545b-ea13-4223-b0dd-f4fe268d4678"><testcase classname="backend.tests.test_gst_shipping_exclusion.TestGSTShippingExclusion" name="test_admin_analytics_no_exclusions" time="0.500" /><testcase classname="backend.tests.test_gst_shipping_exclusion.TestGSTShippingExclusion" name="test_admin_analytics_exclude_gst_only" time="0.444" /><testcase classname="backend.tests.test_gst_shipping_exclusion.TestGSTShippingExclusion" name="test_admin_analytics_exclude_shipping_only" time="0.542" /><testcase classname="backend.tests.test_gst_shipping_exclusion.TestGSTShippingExclusion" name="test_admin_analytics_exclude_both" time="0.639" /><testcase classname="backend.tests.test_gst_shipping_exclusion.TestGSTShippingExclusion" name="test_telecaller_sales_no_exclusions" time="0.380" /><testcase classname="backend.tests.test_gst_shipping_exclusion.TestGSTShippingExclusion" name="test_telecaller_sales_exclude_gst" time="0.422" /><testcase classname="backend.tests.test_gst_shipping_exclusion.TestGSTShippingExclusion" name="test_telecaller_sales_exclude_shipping" time="0.419" /><testcase classname="backend.tests.test_gst_shipping_exclusion.TestGSTShippingExclusion" name="test_telecaller_sales_exclude_both" time="0.520" /><testcase classname="backend.tests.test_gst_shipping_exclusion.TestGSTShippingExclusion" name="test_payment_sales_no_exclusions" time="0.398" /><testcase classname="backend.tests.test_gst_shipping_exclusion.TestGSTShippingExclusion" name="test_payment_sales_exclude_gst" time="0.461" /><testcase classname="backend.tests.test_gst_shipping_exclusion.TestGSTShippingExclusion" name="test_payment_sales_exclude_shipping" time="0.482" /><testcase classname="backend.tests.test_gst_shipping_exclusion.TestGSTShippingExclusion" name="test_payment_sales_exclude_both" time="0.525" /><testcase classname="backend.tests.test_gst_shipping_exclusion.TestTelecallerDashboardExclusion" name="test_telecaller_own_sales_exclusions" time="0.452" /><testcase classname="backend.tests.test_gst_shipping_exclusion.TestTelecallerDashboardExclusion" name="test_telecaller_payment_sales_exclusions" time="0.537" /></testsuite></testsuites>