<?xml version="1.0" encoding="utf-8"?><testsuites name="pytest tests"><testsuite name="pytest" errors="0" failures="1" skipped="0" tests="25" time="43.252" timestamp="2026-03-20T19:51:03.992159+00:00" hostname="agent-env-db91defb-79e4-4857-900d-d6ecb1a75112"><testcase classname="backend.tests.test_phase5.TestPhase5" name="test_customer_phone_validation_invalid_short" time="1.428" /><testcase classname="backend.tests.test_phase5.TestPhase5" name="test_customer_phone_validation_mandatory" time="1.041" /><testcase classname="backend.tests.test_phase5.TestPhase5" name="test_customer_phone_normalization" time="1.901" /><testcase classname="backend.tests.test_phase5.TestPhase5" name="test_customer_gst_validation_invalid" time="1.055" /><testcase classname="backend.tests.test_phase5.TestPhase5" name="test_customer_gst_validation_valid" time="1.482"><failure message="assert 400 == 200&#10; +  where 400 = &lt;Response [400]&gt;.status_code">backend/tests/test_phase5.py:94: in test_customer_gst_validation_valid
    assert response.status_code == 200
E   assert 400 == 200
E    +  where 400 = &lt;Response [400]&gt;.status_code</failure></testcase><testcase classname="backend.tests.test_phase5.TestPhase5" name="test_customer_email_validation_invalid" time="1.065" /><testcase classname="backend.tests.test_phase5.TestPhase5" name="test_customer_email_validation_valid" time="1.924" /><testcase classname="backend.tests.test_phase5.TestPhase5" name="test_pincode_lookup_valid" time="1.875" /><testcase classname="backend.tests.test_phase5.TestPhase5" name="test_pincode_lookup_invalid_format" time="1.033" /><testcase classname="backend.tests.test_phase5.TestPhase5" name="test_address_crud" time="3.107" /><testcase classname="backend.tests.test_phase5.TestPhase5" name="test_address_pincode_validation" time="1.571" /><testcase classname="backend.tests.test_phase5.TestPhase5" name="test_order_rounding_math_ceil" time="1.996" /><testcase classname="backend.tests.test_phase5.TestPhase5" name="test_order_with_addresses" time="3.167" /><testcase classname="backend.tests.test_phase5.TestPhase5" name="test_dispatch_lock_blocks_edit" time="1.429" /><testcase classname="backend.tests.test_phase5.TestPhase5" name="test_dispatch_lock_allows_payment_edit" time="1.466" /><testcase classname="backend.tests.test_phase5.TestPhase5" name="test_dispatch_lock_allows_formulation_edit" time="1.453" /><testcase classname="backend.tests.test_phase5.TestPhase5" name="test_admin_analytics_endpoint" time="1.024" /><testcase classname="backend.tests.test_phase5.TestPhase5" name="test_admin_analytics_with_filters" time="1.496" /><testcase classname="backend.tests.test_phase5.TestPhase5" name="test_pi_creation_with_addresses" time="2.447" /><testcase classname="backend.tests.test_phase5.TestPhase5" name="test_pi_pdf_with_token" time="3.320" /><testcase classname="backend.tests.test_phase5.TestPhase5" name="test_pi_pdf_without_token_fails" time="1.489" /><testcase classname="backend.tests.test_phase5.TestPhase5" name="test_gst_verification_mocked" time="1.215" /><testcase classname="backend.tests.test_phase5.TestPhase5" name="test_gst_verification_invalid_format" time="1.258" /><testcase classname="backend.tests.test_phase5.TestPhase5" name="test_settings_formulation_toggle" time="2.368" /><testcase classname="backend.tests.test_phase5.TestPhase5" name="test_all_orders_executive_filter" time="1.481" /></testsuite></testsuites>