<?xml version="1.0" encoding="utf-8"?><testsuites name="pytest tests"><testsuite name="pytest" errors="0" failures="0" skipped="0" tests="8" time="2.034" timestamp="2026-03-23T20:48:26.117271+00:00" hostname="agent-env-61f9effd-4d89-474d-8e9b-70b26b9ad5a9"><testcase classname="backend.tests.test_phase10_charges.TestChargesStructure" name="test_create_order_with_shipping_and_local_charges" time="0.500" /><testcase classname="backend.tests.test_phase10_charges.TestChargesStructure" name="test_get_order_returns_correct_charges_structure" time="0.432" /><testcase classname="backend.tests.test_phase10_charges.TestChargesStructure" name="test_update_order_charges" time="0.520" /><testcase classname="backend.tests.test_phase10_charges.TestPIChargesStructure" name="test_create_pi_with_charges" time="0.517" /><testcase classname="backend.tests.test_phase10_charges.TestImageCompressionUtility" name="test_compress_image_file_exists" time="0.000" /><testcase classname="backend.tests.test_phase10_charges.TestImageCompressionUtility" name="test_compress_image_imported_in_create_order" time="0.000" /><testcase classname="backend.tests.test_phase10_charges.TestImageCompressionUtility" name="test_compress_image_imported_in_edit_order" time="0.000" /><testcase classname="backend.tests.test_phase10_charges.TestImageCompressionUtility" name="test_compress_image_imported_in_packaging_dashboard" time="0.000" /></testsuite></testsuites>