<?xml version="1.0" encoding="utf-8"?><testsuites name="pytest tests"><testsuite name="pytest" errors="0" failures="0" skipped="0" tests="18" time="5.113" timestamp="2026-03-19T21:59:58.643146+00:00" hostname="agent-env-866a91dd-7051-47b9-acbd-228a17f2c730"><testcase classname="backend.tests.test_phase4.TestPrintEndpointAuth" name="test_print_with_token_returns_pdf" time="2.535" /><testcase classname="backend.tests.test_phase4.TestPrintEndpointAuth" name="test_print_without_token_returns_401" time="0.090" /><testcase classname="backend.tests.test_phase4.TestPrintEndpointAuth" name="test_print_with_empty_token_returns_401" time="0.113" /><testcase classname="backend.tests.test_phase4.TestPrintEndpointAuth" name="test_print_with_invalid_token_returns_401" time="0.096" /><testcase classname="backend.tests.test_phase4.TestDeleteOrder" name="test_delete_order_endpoint_exists" time="0.349" /><testcase classname="backend.tests.test_phase4.TestDeleteOrder" name="test_delete_requires_auth" time="0.097" /><testcase classname="backend.tests.test_phase4.TestDeleteOrder" name="test_admin_can_delete" time="0.191" /><testcase classname="backend.tests.test_phase4.TestAllOrdersEndpoint" name="test_view_all_orders_admin" time="0.093" /><testcase classname="backend.tests.test_phase4.TestAllOrdersEndpoint" name="test_view_all_orders_telecaller_hides_executive" time="0.088" /><testcase classname="backend.tests.test_phase4.TestAllOrdersEndpoint" name="test_view_all_orders_strips_formulations_for_telecaller" time="0.087" /><testcase classname="backend.tests.test_phase4.TestTelecallerSalesCustomDateRange" name="test_telecaller_sales_supports_date_from_date_to" time="0.103" /><testcase classname="backend.tests.test_phase4.TestTelecallerSalesCustomDateRange" name="test_telecaller_sales_custom_range_filters_by_date" time="0.090" /><testcase classname="backend.tests.test_phase4.TestExecutiveReportsCustomDateRange" name="test_admin_can_view_telecaller_with_custom_range" time="0.104" /><testcase classname="backend.tests.test_phase4.TestPaymentStatusFilter" name="test_orders_have_payment_status" time="0.093" /><testcase classname="backend.tests.test_phase4.TestPaymentStatusFilter" name="test_all_orders_include_payment_status" time="0.079" /><testcase classname="backend.tests.test_phase4.TestDispatchCannotSeeFormulations" name="test_create_dispatch_user" time="0.347" /><testcase classname="backend.tests.test_phase4.TestDispatchCannotSeeFormulations" name="test_dispatch_view_all_hides_formulations" time="0.398" /><testcase classname="backend.tests.test_phase4.TestDashboardRecentOrdersOnly" name="test_orders_endpoint_returns_all_by_default" time="0.081" /></testsuite></testsuites>