<?xml version="1.0" encoding="utf-8"?><testsuites name="pytest tests"><testsuite name="pytest" errors="0" failures="0" skipped="4" tests="11" time="2.387" timestamp="2026-04-03T17:25:41.003685+00:00" hostname="agent-env-94c4545b-ea13-4223-b0dd-f4fe268d4678"><testcase classname="backend.tests.test_slip_scanner_barcode.TestScanBarcodeEndpoint" name="test_scan_barcode_returns_correct_structure" time="0.460" /><testcase classname="backend.tests.test_slip_scanner_barcode.TestScanBarcodeEndpoint" name="test_scan_barcode_blank_image_returns_not_found" time="0.087" /><testcase classname="backend.tests.test_slip_scanner_barcode.TestScanBarcodeEndpoint" name="test_scan_barcode_packaging_role_allowed" time="0.416" /><testcase classname="backend.tests.test_slip_scanner_barcode.TestScanBarcodeEndpoint" name="test_scan_barcode_dispatch_role_allowed" time="0.421" /><testcase classname="backend.tests.test_slip_scanner_barcode.TestDispatchWithSlipImages" name="test_dispatch_accepts_slip_images_array" time="0.215" /><testcase classname="backend.tests.test_slip_scanner_barcode.TestDispatchWithSlipImages" name="test_dispatch_slip_images_persisted_in_order" time="0.277" /><testcase classname="backend.tests.test_slip_scanner_barcode.TestDispatchWorkflow" name="test_dispatch_transport_with_lr_and_slip" time="0.081"><skipped type="pytest.skip" message="No packed orders available">/app/backend/tests/test_slip_scanner_barcode.py:181: No packed orders available</skipped></testcase><testcase classname="backend.tests.test_slip_scanner_barcode.TestDispatchWorkflow" name="test_dispatch_courier_with_tracking_and_slip" time="0.103"><skipped type="pytest.skip" message="No packed orders available">/app/backend/tests/test_slip_scanner_barcode.py:211: No packed orders available</skipped></testcase><testcase classname="backend.tests.test_slip_scanner_barcode.TestDispatchWorkflow" name="test_packaging_role_can_dispatch" time="0.081"><skipped type="pytest.skip" message="No packed orders available for packaging user">/app/backend/tests/test_slip_scanner_barcode.py:241: No packed orders available for packaging user</skipped></testcase><testcase classname="backend.tests.test_slip_scanner_barcode.TestUploadEndpoint" name="test_upload_image_returns_url" time="0.094" /><testcase classname="backend.tests.test_slip_scanner_barcode.TestLRFieldManualEntry" name="test_lr_field_accepts_manual_entry" time="0.093"><skipped type="pytest.skip" message="No packed orders available">/app/backend/tests/test_slip_scanner_barcode.py:289: No packed orders available</skipped></testcase></testsuite></testsuites>