<?xml version="1.0" encoding="utf-8"?><testsuites name="pytest tests"><testsuite name="pytest" errors="0" failures="0" skipped="0" tests="13" time="4.311" timestamp="2026-04-24T06:00:33.781274+00:00" hostname="agent-env-94c4545b-ea13-4223-b0dd-f4fe268d4678"><testcase classname="backend.tests.test_packing_slip_improvements.TestPackingSlipPDF" name="test_order_exists_with_free_samples" time="0.605" /><testcase classname="backend.tests.test_packing_slip_improvements.TestPackingSlipPDF" name="test_print_order_pdf_accessible" time="0.156" /><testcase classname="backend.tests.test_packing_slip_improvements.TestPackingSlipPDF" name="test_print_order_pdf_with_packaging_user" time="0.598" /><testcase classname="backend.tests.test_packing_slip_improvements.TestPackingSlipPDF" name="test_print_order_requires_auth" time="0.095" /><testcase classname="backend.tests.test_packing_slip_improvements.TestPackingSlipPDF" name="test_print_order_invalid_token" time="0.117" /><testcase classname="backend.tests.test_packing_slip_improvements.TestFreeSampleImageUpload" name="test_packaging_update_with_free_sample_images" time="0.533" /><testcase classname="backend.tests.test_packing_slip_improvements.TestFreeSampleImageUpload" name="test_packaging_update_preserves_regular_item_images" time="0.194" /><testcase classname="backend.tests.test_packing_slip_improvements.TestFreeSampleImageUpload" name="test_cleanup_test_images" time="0.189" /><testcase classname="backend.tests.test_packing_slip_improvements.TestOrderWithFreeSamplesStructure" name="test_order_free_samples_structure" time="0.432" /><testcase classname="backend.tests.test_packing_slip_improvements.TestOrderWithFreeSamplesStructure" name="test_order_has_remark" time="0.092" /><testcase classname="backend.tests.test_packing_slip_improvements.TestPackagingUserAccess" name="test_packaging_user_can_view_order" time="0.428" /><testcase classname="backend.tests.test_packing_slip_improvements.TestPackagingUserAccess" name="test_packaging_user_can_update_packaging" time="0.203" /><testcase classname="backend.tests.test_packing_slip_improvements.TestPDFContentVerification" name="test_pdf_contains_order_number" time="0.603" /></testsuite></testsuites>