<?xml version="1.0" encoding="utf-8"?><testsuites name="pytest tests"><testsuite name="pytest" errors="0" failures="0" skipped="0" tests="12" time="16.289" timestamp="2026-03-23T19:06:30.968275+00:00" hostname="agent-env-61f9effd-4d89-474d-8e9b-70b26b9ad5a9"><testcase classname="backend.tests.test_phase8_features.TestAuth" name="test_admin_login" time="0.880" /><testcase classname="backend.tests.test_phase8_features.TestCustomerDeleteRestriction" name="test_telecaller_cannot_delete_customer" time="3.369" /><testcase classname="backend.tests.test_phase8_features.TestCustomerDeleteRestriction" name="test_admin_can_delete_customer" time="0.440" /><testcase classname="backend.tests.test_phase8_features.TestDuplicateOrder" name="test_duplicate_order_returns_data" time="1.493" /><testcase classname="backend.tests.test_phase8_features.TestDuplicateOrder" name="test_duplicate_order_includes_additional_charges" time="0.430" /><testcase classname="backend.tests.test_phase8_features.TestDuplicatePI" name="test_duplicate_pi_returns_data" time="1.498" /><testcase classname="backend.tests.test_phase8_features.TestDuplicatePI" name="test_duplicate_pi_includes_additional_charges" time="0.469" /><testcase classname="backend.tests.test_phase8_features.TestShippingMethodUpdate" name="test_update_shipping_method" time="1.511" /><testcase classname="backend.tests.test_phase8_features.TestShippingMethodUpdate" name="test_update_shipping_method_transport" time="0.422" /><testcase classname="backend.tests.test_phase8_features.TestAdditionalCharges" name="test_create_order_with_additional_charges" time="1.500" /><testcase classname="backend.tests.test_phase8_features.TestOrdersListShippingColumn" name="test_orders_include_shipping_method" time="1.044" /><testcase classname="backend.tests.test_phase8_features.TestRoleBasedAccess" name="test_dispatch_can_update_shipping_method" time="3.167" /></testsuite></testsuites>