<?xml version="1.0" encoding="utf-8"?><testsuites name="pytest tests"><testsuite name="pytest" errors="0" failures="0" skipped="0" tests="23" time="28.142" timestamp="2026-03-19T21:00:06.410075+00:00" hostname="agent-env-866a91dd-7051-47b9-acbd-228a17f2c730"><testcase classname="backend.tests.test_phase3.TestAuthAndSetup" name="test_admin_login" time="0.851" /><testcase classname="backend.tests.test_phase3.TestPackagingStaffAPI" name="test_get_packaging_staff_returns_defaults" time="1.173" /><testcase classname="backend.tests.test_phase3.TestPackagingStaffAPI" name="test_add_packaging_staff" time="0.436" /><testcase classname="backend.tests.test_phase3.TestPackagingStaffAPI" name="test_add_duplicate_staff_fails" time="0.821" /><testcase classname="backend.tests.test_phase3.TestPackagingStaffAPI" name="test_remove_packaging_staff" time="0.824" /><testcase classname="backend.tests.test_phase3.TestCourierOptionsAPI" name="test_get_courier_options" time="1.035" /><testcase classname="backend.tests.test_phase3.TestSettingsAPI" name="test_get_settings" time="1.060" /><testcase classname="backend.tests.test_phase3.TestSettingsAPI" name="test_update_formulation_toggle" time="1.197" /><testcase classname="backend.tests.test_phase3.TestTelecallerWorkflow" name="test_create_telecaller" time="1.272" /><testcase classname="backend.tests.test_phase3.TestTelecallerWorkflow" name="test_telecaller_login" time="0.662" /><testcase classname="backend.tests.test_phase3.TestTelecallerWorkflow" name="test_telecaller_see_own_orders_by_default" time="0.436" /><testcase classname="backend.tests.test_phase3.TestTelecallerWorkflow" name="test_telecaller_view_all_orders_anonymized" time="0.405" /><testcase classname="backend.tests.test_phase3.TestCreateCustomerAndOrder" name="test_create_customer" time="1.067" /><testcase classname="backend.tests.test_phase3.TestCreateCustomerAndOrder" name="test_create_order_with_courier" time="0.399" /><testcase classname="backend.tests.test_phase3.TestPackagingWorkflow" name="test_mark_packed_without_required_fields_fails" time="1.915" /><testcase classname="backend.tests.test_phase3.TestPackagingWorkflow" name="test_mark_packed_with_required_fields" time="0.430" /><testcase classname="backend.tests.test_phase3.TestDispatchWorkflow" name="test_transport_dispatch_without_lr_fails_for_packaging" time="3.939" /><testcase classname="backend.tests.test_phase3.TestDispatchWorkflow" name="test_transport_dispatch_with_lr_succeeds" time="0.410" /><testcase classname="backend.tests.test_phase3.TestOrderPrintEndpoint" name="test_print_endpoint_returns_pdf" time="4.459" /><testcase classname="backend.tests.test_phase3.TestExecutiveReports" name="test_telecaller_dashboard_endpoint" time="1.486" /><testcase classname="backend.tests.test_phase3.TestExecutiveReports" name="test_telecaller_sales_endpoint_for_admin" time="0.404" /><testcase classname="backend.tests.test_phase3.TestFormulationHistory" name="test_formulation_history_endpoint" time="2.319" /><testcase classname="backend.tests.test_phase3.TestAdminOrdersView" name="test_admin_sees_telecaller_name_in_orders" time="1.054" /></testsuite></testsuites>