<?xml version="1.0" encoding="utf-8"?><testsuites name="pytest tests"><testsuite name="pytest" errors="0" failures="0" skipped="1" tests="13" time="21.334" timestamp="2026-03-24T12:12:03.981055+00:00" hostname="agent-env-babcd8c6-fd18-4062-b250-d88bbdc5434e"><testcase classname="backend.tests.test_phase10_features.TestAuth" name="test_admin_login" time="0.806" /><testcase classname="backend.tests.test_phase10_features.TestForwardToPackaging" name="test_forward_to_packaging_toggle_admin" time="2.445" /><testcase classname="backend.tests.test_phase10_features.TestForwardToPackaging" name="test_forward_to_packaging_non_admin_forbidden" time="2.645" /><testcase classname="backend.tests.test_phase10_features.TestAdminEditDispatchedOrders" name="test_admin_can_edit_dispatched_order" time="1.475" /><testcase classname="backend.tests.test_phase10_features.TestTelecallerPaymentEditOnDispatchedOrders" name="test_telecaller_can_edit_payment_on_own_dispatched_order" time="2.788" /><testcase classname="backend.tests.test_phase10_features.TestTelecallerPaymentEditOnDispatchedOrders" name="test_telecaller_cannot_edit_non_payment_fields_on_dispatched" time="1.734"><skipped type="pytest.skip" message="No dispatched orders owned by telecaller">/app/backend/tests/test_phase10_features.py:247: No dispatched orders owned by telecaller</skipped></testcase><testcase classname="backend.tests.test_phase10_features.TestPackagingUpdate" name="test_admin_can_update_packaging_on_dispatched_order" time="1.520" /><testcase classname="backend.tests.test_phase10_features.TestPackagingUpdate" name="test_packaging_role_cannot_update_dispatched_order" time="2.520" /><testcase classname="backend.tests.test_phase10_features.TestOrdersEndpoint" name="test_orders_list_includes_forwarded_to_packaging" time="1.104" /><testcase classname="backend.tests.test_phase10_features.TestAccountsDashboardFilters" name="test_accounts_dashboard_stats_endpoint" time="1.070" /><testcase classname="backend.tests.test_phase10_features.TestAccountsDashboardFilters" name="test_orders_with_gst_filter" time="1.079" /><testcase classname="backend.tests.test_phase10_features.TestLocalChargesRemoved" name="test_order_does_not_have_local_charge_field" time="1.053" /><testcase classname="backend.tests.test_phase10_features.TestLocalChargesRemoved" name="test_additional_charges_structure" time="1.042" /></testsuite></testsuites>