<?xml version="1.0" encoding="utf-8"?><testsuites name="pytest tests"><testsuite name="pytest" errors="0" failures="0" skipped="0" tests="16" time="10.373" timestamp="2026-03-31T10:36:07.904836+00:00" hostname="agent-env-94c4545b-ea13-4223-b0dd-f4fe268d4678"><testcase classname="backend.tests.test_iteration18_features.TestAddressNameField" name="test_create_address_with_address_name" time="0.739" /><testcase classname="backend.tests.test_iteration18_features.TestAddressNameField" name="test_create_address_without_address_name_defaults_to_customer_name" time="0.559" /><testcase classname="backend.tests.test_iteration18_features.TestAddressNameField" name="test_create_address_with_empty_address_name_defaults_to_customer_name" time="0.496" /><testcase classname="backend.tests.test_iteration18_features.TestAddressNameField" name="test_update_address_with_address_name" time="0.564" /><testcase classname="backend.tests.test_iteration18_features.TestAddressNameField" name="test_list_addresses_includes_address_name" time="0.803" /><testcase classname="backend.tests.test_iteration18_features.TestPrintAddressesWithQuantities" name="test_print_addresses_basic" time="0.505" /><testcase classname="backend.tests.test_iteration18_features.TestPrintAddressesWithQuantities" name="test_print_addresses_with_quantities" time="0.512" /><testcase classname="backend.tests.test_iteration18_features.TestPrintAddressesWithQuantities" name="test_print_addresses_multiple_orders_different_quantities" time="0.527" /><testcase classname="backend.tests.test_iteration18_features.TestPrintAddressesWithQuantities" name="test_print_addresses_packaging_user" time="0.873" /><testcase classname="backend.tests.test_iteration18_features.TestPrintAddressesWithQuantities" name="test_print_addresses_empty_order_ids" time="0.397" /><testcase classname="backend.tests.test_iteration18_features.TestPackingSheetPDF" name="test_packing_sheet_for_order_with_all_fields" time="1.325" /><testcase classname="backend.tests.test_iteration18_features.TestPackingSheetPDF" name="test_packing_sheet_endpoint_exists" time="1.322" /><testcase classname="backend.tests.test_iteration18_features.TestAddressNameInPrintOutputs" name="test_order_shipping_address_has_address_name" time="0.390" /><testcase classname="backend.tests.test_iteration18_features.TestOrderFieldsForPackingSheet" name="test_order_has_purpose_field" time="0.403" /><testcase classname="backend.tests.test_iteration18_features.TestOrderFieldsForPackingSheet" name="test_order_has_free_samples_with_formulation" time="0.424" /><testcase classname="backend.tests.test_iteration18_features.TestOrderFieldsForPackingSheet" name="test_order_has_extra_shipping_details" time="0.455" /></testsuite></testsuites>