<?xml version="1.0" encoding="utf-8"?><testsuites name="pytest tests"><testsuite name="pytest" errors="0" failures="0" skipped="0" tests="21" time="7.827" timestamp="2026-04-08T19:11:16.193593+00:00" hostname="agent-env-94c4545b-ea13-4223-b0dd-f4fe268d4678"><testcase classname="backend.tests.test_tracking_dispatch_enhancements.TestAuth" name="test_admin_login" time="0.424" /><testcase classname="backend.tests.test_tracking_dispatch_enhancements.TestAuth" name="test_dispatch_login" time="0.354" /><testcase classname="backend.tests.test_tracking_dispatch_enhancements.TestCourierLRPatterns" name="test_dtdc_valid_lr" time="0.000" /><testcase classname="backend.tests.test_tracking_dispatch_enhancements.TestCourierLRPatterns" name="test_dtdc_invalid_lr" time="0.000" /><testcase classname="backend.tests.test_tracking_dispatch_enhancements.TestCourierLRPatterns" name="test_anjani_valid_lr" time="0.000" /><testcase classname="backend.tests.test_tracking_dispatch_enhancements.TestCourierLRPatterns" name="test_anjani_invalid_lr" time="0.000" /><testcase classname="backend.tests.test_tracking_dispatch_enhancements.TestCourierLRPatterns" name="test_professional_valid_lr" time="0.000" /><testcase classname="backend.tests.test_tracking_dispatch_enhancements.TestCourierLRPatterns" name="test_professional_invalid_lr" time="0.000" /><testcase classname="backend.tests.test_tracking_dispatch_enhancements.TestCourierLRPatterns" name="test_india_post_valid_lr" time="0.000" /><testcase classname="backend.tests.test_tracking_dispatch_enhancements.TestCourierLRPatterns" name="test_india_post_invalid_lr" time="0.000" /><testcase classname="backend.tests.test_tracking_dispatch_enhancements.TestDispatchEndpoint" name="test_dispatch_model_accepts_porter_link" time="0.954" /><testcase classname="backend.tests.test_tracking_dispatch_enhancements.TestDispatchEndpoint" name="test_dispatch_courier_requires_lr" time="0.770" /><testcase classname="backend.tests.test_tracking_dispatch_enhancements.TestDispatchEndpoint" name="test_dispatch_transport_requires_lr" time="0.990" /><testcase classname="backend.tests.test_tracking_dispatch_enhancements.TestDispatchEndpoint" name="test_dispatch_self_arranged_no_lr_required" time="0.831" /><testcase classname="backend.tests.test_tracking_dispatch_enhancements.TestDispatchEndpoint" name="test_dispatch_office_collection_no_lr_required" time="1.182" /><testcase classname="backend.tests.test_tracking_dispatch_enhancements.TestDispatchEndpoint" name="test_dispatch_courier_with_valid_lr" time="1.009" /><testcase classname="backend.tests.test_tracking_dispatch_enhancements.TestDispatchEndpoint" name="test_dispatch_transport_with_valid_lr" time="1.238" /><testcase classname="backend.tests.test_tracking_dispatch_enhancements.TestPorterLinkExtraction" name="test_porter_link_regex" time="0.000" /><testcase classname="backend.tests.test_tracking_dispatch_enhancements.TestCourierTrackingUtility" name="test_courier_tracking_file_exists" time="0.000" /><testcase classname="backend.tests.test_tracking_dispatch_enhancements.TestCourierTrackingUtility" name="test_courier_tracking_exports" time="0.000" /><testcase classname="backend.tests.test_tracking_dispatch_enhancements.TestCourierTrackingUtility" name="test_courier_tracking_patterns" time="0.000" /></testsuite></testsuites>