<?xml version="1.0" encoding="utf-8"?><testsuites name="pytest tests"><testsuite name="pytest" errors="0" failures="0" skipped="0" tests="18" time="7.048" timestamp="2026-03-31T08:38:20.476566+00:00" hostname="agent-env-94c4545b-ea13-4223-b0dd-f4fe268d4678"><testcase classname="backend.tests.test_formulation_lock.TestFormulationLock" name="test_order_has_formulation_locked_field" time="0.950" /><testcase classname="backend.tests.test_formulation_lock.TestFormulationLock" name="test_admin_can_edit_locked_order" time="0.079" /><testcase classname="backend.tests.test_formulation_lock.TestFormulationLock" name="test_telecaller_blocked_from_locked_order" time="0.407" /><testcase classname="backend.tests.test_formulation_lock.TestFormulationLock" name="test_formulation_preserved_on_update" time="0.187" /><testcase classname="backend.tests.test_formulation_lock.TestFormulationLock" name="test_free_sample_formulation_preserved" time="0.249" /><testcase classname="backend.tests.test_formulation_lock.TestFormulationLock" name="test_formulation_lock_endpoint" time="0.168" /><testcase classname="backend.tests.test_formulation_lock.TestEditPermissionFlow" name="test_request_edit_permission" time="1.177" /><testcase classname="backend.tests.test_formulation_lock.TestEditPermissionFlow" name="test_duplicate_request_fails" time="0.102" /><testcase classname="backend.tests.test_formulation_lock.TestEditPermissionFlow" name="test_admin_list_edit_permissions" time="0.075" /><testcase classname="backend.tests.test_formulation_lock.TestEditPermissionFlow" name="test_admin_approve_permission" time="0.178" /><testcase classname="backend.tests.test_formulation_lock.TestEditPermissionFlow" name="test_telecaller_can_edit_after_approval" time="0.078" /><testcase classname="backend.tests.test_formulation_lock.TestEditPermissionFlow" name="test_permission_marked_as_used" time="0.201" /><testcase classname="backend.tests.test_formulation_lock.TestEditPermissionFlow" name="test_telecaller_blocked_after_permission_used" time="0.091" /><testcase classname="backend.tests.test_formulation_lock.TestPackagingDispatchFormulationPreservation" name="test_packaging_update_preserves_formulation" time="1.218" /><testcase classname="backend.tests.test_formulation_lock.TestPackagingDispatchFormulationPreservation" name="test_mark_packed_preserves_formulation" time="0.273" /><testcase classname="backend.tests.test_formulation_lock.TestPackagingDispatchFormulationPreservation" name="test_dispatch_preserves_formulation" time="0.262" /><testcase classname="backend.tests.test_formulation_lock.TestAdminRejectPermission" name="test_admin_reject_permission" time="1.172" /><testcase classname="backend.tests.test_formulation_lock.TestAdminRejectPermission" name="test_telecaller_blocked_after_rejection" time="0.092" /></testsuite></testsuites>