<?xml version="1.0" encoding="utf-8"?><testsuites name="pytest tests"><testsuite name="pytest" errors="0" failures="0" skipped="0" tests="25" time="16.251" timestamp="2026-03-21T19:19:53.613964+00:00" hostname="agent-env-7f7a297d-d123-4963-9717-be672cd7f690"><testcase classname="backend.tests.test_phase7.TestAuth" name="test_admin_login_success" time="0.792" /><testcase classname="backend.tests.test_phase7.TestAuth" name="test_login_wrong_password" time="0.736" /><testcase classname="backend.tests.test_phase7.TestMyNotifications" name="test_admin_gets_empty_notifications" time="1.044" /><testcase classname="backend.tests.test_phase7.TestMyNotifications" name="test_notifications_with_since_param" time="0.446" /><testcase classname="backend.tests.test_phase7.TestMyNotifications" name="test_notifications_unauthenticated" time="0.445" /><testcase classname="backend.tests.test_phase7.TestEditOrder" name="test_get_order_for_edit" time="1.271" /><testcase classname="backend.tests.test_phase7.TestEditOrder" name="test_admin_can_update_order" time="0.438" /><testcase classname="backend.tests.test_phase7.TestEditOrder" name="test_update_order_persists" time="1.220" /><testcase classname="backend.tests.test_phase7.TestEditOrder" name="test_update_order_items" time="0.430" /><testcase classname="backend.tests.test_phase7.TestFormulation" name="test_save_formulation" time="0.670" /><testcase classname="backend.tests.test_phase7.TestFormulation" name="test_formulation_persists" time="0.891" /><testcase classname="backend.tests.test_phase7.TestImageDelete" name="test_image_delete_endpoint_exists" time="0.419" /><testcase classname="backend.tests.test_phase7.TestImageDelete" name="test_image_delete_invalid_type" time="0.422" /><testcase classname="backend.tests.test_phase7.TestImageDelete" name="test_image_delete_unauthorized" time="0.419" /><testcase classname="backend.tests.test_phase7.TestPrintAddresses" name="test_print_addresses_generates_pdf" time="0.426" /><testcase classname="backend.tests.test_phase7.TestPrintAddresses" name="test_print_addresses_empty_list_fails" time="0.421" /><testcase classname="backend.tests.test_phase7.TestPrintAddresses" name="test_print_addresses_invalid_ids" time="0.452" /><testcase classname="backend.tests.test_phase7.TestPrintAddresses" name="test_print_addresses_unauthorized" time="0.406" /><testcase classname="backend.tests.test_phase7.TestPIConversion" name="test_get_proforma_invoices" time="0.411" /><testcase classname="backend.tests.test_phase7.TestPIConversion" name="test_create_pi_and_fetch" time="0.824" /><testcase classname="backend.tests.test_phase7.TestUserManagement" name="test_list_users" time="0.413" /><testcase classname="backend.tests.test_phase7.TestUserManagement" name="test_create_and_update_user" time="1.934" /><testcase classname="backend.tests.test_phase7.TestUserManagement" name="test_admin_user_exists" time="0.418" /><testcase classname="backend.tests.test_phase7.TestAllOrders" name="test_admin_gets_all_orders" time="0.401" /><testcase classname="backend.tests.test_phase7.TestAllOrders" name="test_orders_have_required_fields" time="0.440" /></testsuite></testsuites>